<?xml version="1.0" encoding="UTF-8"?>
<!-- Generated by org.testng.reporters.JUnitReportReporter -->
<testsuite hostname="DESKTOP-S5NN8IV" failures="0" tests="3" name="SupriyaBhosale.SeleniumProjectEcommerace.StandAloneTestHashmap" time="18.234" errors="0" timestamp="22 Jul 2024 13:26:30 GMT" skipped="0">
  <testcase classname="SupriyaBhosale.SeleniumProjectEcommerace.StandAloneTestHashmap" name="StandAlone" time="8.742"/>
  <testcase classname="SupriyaBhosale.SeleniumProjectEcommerace.StandAloneTestHashmap" name="StandAlone" time="6.700"/>
  <testcase classname="SupriyaBhosale.SeleniumProjectEcommerace.StandAloneTestHashmap" name="OrderHistoryTest" time="2.792"/>
</testsuite> <!-- SupriyaBhosale.SeleniumProjectEcommerace.StandAloneTestHashmap -->
