<?xml version="1.0" encoding="UTF-8"?>
<!-- Generated by org.testng.reporters.JUnitReportReporter -->
<testsuite hostname="DESKTOP-S5NN8IV" failures="0" tests="2" name="SupriyaBhosale.SeleniumProjectEcommerace.StandAloneTest" time="11.640" errors="0" timestamp="25 Jul 2024 15:21:43 GMT" skipped="0">
  <testcase classname="SupriyaBhosale.SeleniumProjectEcommerace.StandAloneTest" name="StandAlone" time="8.317"/>
  <testcase classname="SupriyaBhosale.SeleniumProjectEcommerace.StandAloneTest" name="OrderHistoryTest" time="3.323"/>
</testsuite> <!-- SupriyaBhosale.SeleniumProjectEcommerace.StandAloneTest -->
