<?xml version="1.0" encoding="UTF-8"?>
<!-- Generated by org.testng.reporters.JUnitReportReporter -->
<testsuite hostname="DESKTOP-S5NN8IV" failures="0" tests="2" name="SupriyaBhosale.SeleniumProjectEcommerace.StandAloneTestDataProvider" time="10.908" errors="0" timestamp="18 Jul 2024 13:48:23 GMT" skipped="0">
  <testcase classname="SupriyaBhosale.SeleniumProjectEcommerace.StandAloneTestDataProvider" name="StandAlone" time="5.779"/>
  <testcase classname="SupriyaBhosale.SeleniumProjectEcommerace.StandAloneTestDataProvider" name="StandAlone" time="5.129"/>
</testsuite> <!-- SupriyaBhosale.SeleniumProjectEcommerace.StandAloneTestDataProvider -->
