<?xml version="1.0" encoding="UTF-8"?>
<!-- Generated by org.testng.reporters.JUnitReportReporter -->
<testsuite hostname="DESKTOP-S5NN8IV" failures="0" tests="3" name="SupriyaBhosale.SeleniumProjectEcommerace.StandAloneTestHashmap" time="13.641" errors="0" timestamp="16 Aug 2024 22:17:03 GMT" skipped="0">
  <testcase classname="SupriyaBhosale.SeleniumProjectEcommerace.StandAloneTestHashmap" name="StandAlone" time="6.857"/>
  <testcase classname="SupriyaBhosale.SeleniumProjectEcommerace.StandAloneTestHashmap" name="OrderHistoryTest" time="1.456"/>
  <testcase classname="SupriyaBhosale.SeleniumProjectEcommerace.StandAloneTestHashmap" name="StandAlone" time="5.328"/>
</testsuite> <!-- SupriyaBhosale.SeleniumProjectEcommerace.StandAloneTestHashmap -->
