<?xml version="1.0" encoding="UTF-8"?>
<!-- Generated by org.testng.reporters.JUnitReportReporter -->
<testsuite hostname="DESKTOP-S5NN8IV" failures="0" tests="2" name="SupriyaBhosale.SeleniumProjectEcommerace.ErrorValidation" time="8.235" errors="0" timestamp="16 Aug 2024 22:17:03 GMT" skipped="0">
  <testcase classname="SupriyaBhosale.SeleniumProjectEcommerace.ErrorValidation" name="loginErroValidation" time="3.530"/>
  <testcase classname="SupriyaBhosale.SeleniumProjectEcommerace.ErrorValidation" name="productErrorValidation" time="4.705"/>
</testsuite> <!-- SupriyaBhosale.SeleniumProjectEcommerace.ErrorValidation -->
