<?xml version="1.0" encoding="UTF-8"?>
<!-- Generated by org.testng.reporters.JUnitReportReporter -->
<testsuite hostname="DESKTOP-S5NN8IV" failures="0" tests="2" name="SupriyaBhosale.SeleniumProjectEcommerace.ErrorValidation" time="18.814" errors="0" timestamp="30 Jul 2024 03:22:08 GMT" skipped="0">
  <testcase classname="SupriyaBhosale.SeleniumProjectEcommerace.ErrorValidation" name="loginErroValidation" time="5.428"/>
  <testcase classname="SupriyaBhosale.SeleniumProjectEcommerace.ErrorValidation" name="productErrorValidation" time="13.386"/>
</testsuite> <!-- SupriyaBhosale.SeleniumProjectEcommerace.ErrorValidation -->
