<?xml version="1.0" encoding="UTF-8"?>
<!-- Generated by org.testng.reporters.JUnitReportReporter -->
<testsuite hostname="DESKTOP-S5NN8IV" failures="0" tests="3" name="SupriyaBhosale.SeleniumProjectEcommerace.StandAloneTestHashmap" time="28.133" errors="0" timestamp="30 Jul 2024 03:22:08 GMT" skipped="0">
  <testcase classname="SupriyaBhosale.SeleniumProjectEcommerace.StandAloneTestHashmap" name="OrderHistoryTest" time="4.091"/>
  <testcase classname="SupriyaBhosale.SeleniumProjectEcommerace.StandAloneTestHashmap" name="StandAlone" time="8.595"/>
  <testcase classname="SupriyaBhosale.SeleniumProjectEcommerace.StandAloneTestHashmap" name="StandAlone" time="15.447"/>
</testsuite> <!-- SupriyaBhosale.SeleniumProjectEcommerace.StandAloneTestHashmap -->
