<?xml version="1.0" encoding="UTF-8"?>
<!-- Generated by org.testng.reporters.JUnitReportReporter -->
<testsuite hostname="DESKTOP-S5NN8IV" failures="0" tests="2" name="SupriyaBhosale.SeleniumProjectEcommerace.StandAloneTest" time="10.790" errors="0" timestamp="25 Jul 2024 15:23:30 GMT" skipped="0">
  <testcase classname="SupriyaBhosale.SeleniumProjectEcommerace.StandAloneTest" name="StandAlone" time="7.338"/>
  <testcase classname="SupriyaBhosale.SeleniumProjectEcommerace.StandAloneTest" name="OrderHistoryTest" time="3.452"/>
</testsuite> <!-- SupriyaBhosale.SeleniumProjectEcommerace.StandAloneTest -->
